TN:
SF:src\js\login.js
FN:1,handleLogin
FNF:1
FNH:1
FNDA:2,handleLogin
DA:2,2
DA:4,2
DA:5,2
DA:7,2
DA:8,2
DA:14,1
DA:16,1
DA:17,1
DA:21,0
DA:23,2
DA:27,1
LF:11
LH:10
BRDA:16,0,0,1
BRDA:16,0,1,0
BRF:2
BRH:1
end_of_record
TN:
SF:src\js\mealCredit.js
FN:23,formatDate
FN:28,createTransactionHTML
FN:45,renderTransactions
FN:52,updateDOM
FNF:4
FNH:3
FNDA:7,formatDate
FNDA:6,createTransactionHTML
FNDA:1,renderTransactions
FNDA:0,updateDOM
DA:1,1
DA:24,7
DA:25,7
DA:29,6
DA:47,1
DA:49,1
DA:53,0
DA:54,0
DA:55,0
DA:56,0
DA:62,1
DA:63,0
DA:64,0
DA:67,1
LF:14
LH:8
BRDA:36,0,0,1
BRDA:36,0,1,5
BRDA:37,1,0,1
BRDA:37,1,1,5
BRDA:53,2,0,0
BRDA:53,2,1,0
BRDA:55,3,0,0
BRDA:55,3,1,0
BRDA:62,4,0,0
BRDA:62,4,1,1
BRDA:62,5,0,1
BRDA:62,5,1,0
BRF:12
BRH:6
end_of_record
TN:
SF:src\js\signup.js
FN:1,handleSignup
FNF:1
FNH:1
FNDA:3,handleSignup
DA:2,3
DA:4,3
DA:5,3
DA:7,3
DA:8,1
DA:9,1
DA:12,2
DA:13,2
DA:15,2
DA:16,2
DA:22,1
DA:24,1
DA:25,1
DA:29,0
DA:31,2
DA:35,1
LF:16
LH:15
BRDA:7,0,0,1
BRDA:7,0,1,2
BRDA:24,1,0,1
BRDA:24,1,1,0
BRF:4
BRH:3
end_of_record
TN:
SF:src\js\transactionHistory.js
FN:22,formatDate
FN:27,filterTransactions
FN:47,(anonymous_2)
FN:51,(anonymous_3)
FN:54,formatAmount
FN:59,createTransactionHTML
FN:75,renderTransactions
FN:84,(anonymous_7)
FN:97,(anonymous_8)
FN:102,(anonymous_9)
FN:103,(anonymous_10)
FN:104,(anonymous_11)
FNF:12
FNH:6
FNDA:1,formatDate
FNDA:3,filterTransactions
FNDA:48,(anonymous_2)
FNDA:18,(anonymous_3)
FNDA:3,formatAmount
FNDA:1,createTransactionHTML
FNDA:0,renderTransactions
FNDA:0,(anonymous_7)
FNDA:0,(anonymous_8)
FNDA:0,(anonymous_9)
FNDA:0,(anonymous_10)
FNDA:0,(anonymous_11)
DA:1,1
DA:23,1
DA:24,1
DA:28,3
DA:29,3
DA:31,3
DA:33,1
DA:34,1
DA:36,1
DA:37,1
DA:38,1
DA:40,1
DA:41,1
DA:42,1
DA:43,1
DA:46,3
DA:48,48
DA:49,48
DA:51,18
DA:55,3
DA:56,3
DA:60,1
DA:76,0
DA:78,0
DA:79,0
DA:82,0
DA:83,0
DA:84,0
DA:85,0
DA:86,0
DA:87,0
DA:89,0
DA:92,0
DA:96,1
DA:97,0
DA:98,0
DA:99,0
DA:101,0
DA:102,0
DA:103,0
DA:104,0
DA:105,0
DA:106,0
DA:112,1
LF:44
LH:24
BRDA:31,0,0,1
BRDA:31,0,1,1
BRDA:31,0,2,1
BRDA:49,1,0,48
BRDA:49,1,1,20
BRDA:56,2,0,1
BRDA:56,2,1,2
BRDA:67,3,0,0
BRDA:67,3,1,1
BRDA:78,4,0,0
BRDA:78,4,1,0
BRDA:85,5,0,0
BRDA:85,5,1,0
BRDA:96,6,0,0
BRDA:96,6,1,1
BRF:15
BRH:9
end_of_record
TN:
SF:src\js\userDashboard.js
FN:1,navigate
FNF:1
FNH:1
FNDA:1,navigate
DA:2,1
DA:5,1
LF:2
LH:2
BRF:0
BRH:0
end_of_record
